<?xml version="1.0" encoding="UTF-8"?>
<testsuite xmlns:xsi="http://www.w3.org/2001/XMLSchema-instance" xsi:noNamespaceSchemaLocation="https://maven.apache.org/surefire/maven-surefire-plugin/xsd/surefire-test-report-3.0.xsd" version="3.0" name="Test.AddItemToBillTest" time="0.545" tests="5" errors="0" skipped="0" failures="0">
  <properties>
[...]
</properties>
  <testcase name="testProcessTransaction_InvoiceCreationFailed" classname="Test.AddItemToBillTest" time="0.489"/>
  <testcase name="testProcessTransaction_OrderItemsCreationFailed" classname="Test.AddItemToBillTest" time="0.012"/>
  <testcase name="testProcessTransaction_InvalidOrderItems" classname="Test.AddItemToBillTest" time="0.006"/>
  <testcase name="testProcessTransaction_OrderCreationFailed" classname="Test.AddItemToBillTest" time="0.011"/>
  <testcase name="testProcessTransaction_Successful" classname="Test.AddItemToBillTest" time="0.012"/>
</testsuite>